2018-05-15 13:46:22 -  - exec CUpdateClientPartner::SearchModulesEx
2018-05-15 13:46:22 -  - exec CUpdateClientPartner::__CollectRequestData
2018-05-15 13:46:22 -  - utf=Y&lang=ru&stable=Y&CANGZIP=Y&SUPD_DBS=MYSQL&XE=N&CLIENT_SITE=192.168.0.91&LICENSE_KEY=X&SUPD_STS=1&SUPD_URS=0&SUPD_URSA=1&TYPENC=D&CLIENT_PHPVER=7.0.26&NGINX=Y&dbv=5.7.19&instm=main%2C17.5.13%2CY%3Bbitrix.sitecorporate%2C15.5.0%2CN%3Bb24connector%2C17.5.0%2CN%3Bfileman%2C17.5.10%2CN%3Bcompression%2C16.0.0%2CN%3Bsocialservices%2C17.5.4%2CN%3Bperfmon%2C17.0.1%2CN%3Bseo%2C17.5.3%2CN%3Bhighloadblock%2C17.5.0%2CN%3Bclouds%2C17.0.2%2CN%3Biblock%2C17.5.5%2CN%3Bsearch%2C17.5.0%2CN%3Btranslate%2C16.0.0%2CN%3Bui%2C17.5.5%2CN%3Bbitrixcloud%2C17.5.0%2CN&search_module_id=&search_module=&search_category=7%2C14&search_type=&search_order=DESC&search_order_by=SORT&search_page=1&SUPD_SRS=RU&SUPD_CMP=N
2018-05-15 13:46:22 -  - exec CUpdateClientPartner::GetHTTPPage
2018-05-15 13:46:23 -  - TIME SearchModulesEx(request) 1.188 sec
2018-05-15 13:46:23 -  - exec CUpdateClientPartner::ParseServerData
2018-05-15 13:46:48 -  - exec CUpdateClientPartner::LoadModulesUpdates
2018-05-15 13:46:48 -  - exec CUpdateClientPartner::__CollectRequestData
2018-05-15 13:46:48 -  - utf=Y&lang=ru&stable=Y&CANGZIP=Y&SUPD_DBS=MYSQL&XE=N&CLIENT_SITE=192.168.0.91&LICENSE_KEY=X&SUPD_STS=1&SUPD_URS=0&SUPD_URSA=1&TYPENC=D&CLIENT_PHPVER=7.0.26&NGINX=Y&dbv=5.7.19&instm=main%2C17.5.13%2CY%3Bbitrix.sitecorporate%2C15.5.0%2CN%3Bb24connector%2C17.5.0%2CN%3Bfileman%2C17.5.10%2CN%3Bcompression%2C16.0.0%2CN%3Bsocialservices%2C17.5.4%2CN%3Bperfmon%2C17.0.1%2CN%3Bseo%2C17.5.3%2CN%3Bhighloadblock%2C17.5.0%2CN%3Bclouds%2C17.0.2%2CN%3Biblock%2C17.5.5%2CN%3Bsearch%2C17.5.0%2CN%3Btranslate%2C16.0.0%2CN%3Bui%2C17.5.5%2CN%3Bbitrixcloud%2C17.5.0%2CN&reqm=nsandrey.emptyinstall&lim=Y&SUPD_SRS=RU&SUPD_CMP=N
2018-05-15 13:46:48 -  - exec CUpdateClientPartner::GetHTTPPage
2018-05-15 13:46:48 -  - TIME LoadModulesUpdates(request) 0.304 sec
2018-05-15 13:46:48 -  - exec CUpdateClientPartner::ParseServerData
2018-05-15 13:46:48 - S - STEP
2018-05-15 13:46:48 - LM4W01 - loadModule4Wizard-Step
2018-05-15 13:46:49 -  - exec CUpdateClientPartner::LoadModulesUpdates
2018-05-15 13:46:49 -  - exec CUpdateClientPartner::ParseServerData
2018-05-15 13:46:49 -  - loadFile
2018-05-15 13:46:49 - U - RETURN
2018-05-15 13:46:49 -  - exec CUpdateClientPartner::UnGzipArchive
2018-05-15 13:46:49 -  - TIME UnGzipArchive 0.002 sec
2018-05-15 13:46:49 -  - TIME UpdateStepModules 0.003 sec
2018-05-15 13:46:49 -  - exec CUpdateClientPartner::LoadModulesUpdates
2018-05-15 13:46:49 -  - exec CUpdateClientPartner::__CollectRequestData
2018-05-15 13:46:49 -  - utf=Y&lang=ru&stable=Y&CANGZIP=Y&SUPD_DBS=MYSQL&XE=N&CLIENT_SITE=192.168.0.91&LICENSE_KEY=X&SUPD_STS=1&SUPD_URS=0&SUPD_URSA=1&TYPENC=D&CLIENT_PHPVER=7.0.26&NGINX=Y&dbv=5.7.19&instm=main%2C17.5.13%2CY%3Bbitrix.sitecorporate%2C15.5.0%2CN%3Bb24connector%2C17.5.0%2CN%3Bfileman%2C17.5.10%2CN%3Bcompression%2C16.0.0%2CN%3Bsocialservices%2C17.5.4%2CN%3Bperfmon%2C17.0.1%2CN%3Bseo%2C17.5.3%2CN%3Bhighloadblock%2C17.5.0%2CN%3Bclouds%2C17.0.2%2CN%3Biblock%2C17.5.5%2CN%3Bsearch%2C17.5.0%2CN%3Btranslate%2C16.0.0%2CN%3Bnsandrey.emptyinstall%2C1.0.2%2CN%3Bui%2C17.5.5%2CN%3Bbitrixcloud%2C17.5.0%2CN&reqm=nsandrey.emptyinstall&lim=Y&SUPD_SRS=RU&SUPD_CMP=N
2018-05-15 13:46:49 -  - exec CUpdateClientPartner::GetHTTPPage
2018-05-15 13:46:49 -  - TIME LoadModulesUpdates(request) 0.316 sec
2018-05-15 13:46:49 -  - exec CUpdateClientPartner::ParseServerData
2018-05-15 13:46:49 - STEP - Finish - NOUPDATES
2018-05-15 13:46:49 - LM4W03 - Finish - NOUPDATES
2018-05-15 13:57:28 -  - exec CUpdateClientPartner::GetUpdatesList
2018-05-15 13:57:28 -  - exec CUpdateClientPartner::__CollectRequestData
2018-05-15 13:57:28 -  - utf=Y&lang=ru&stable=Y&CANGZIP=Y&SUPD_DBS=MYSQL&XE=N&CLIENT_SITE=192.168.0.91&LICENSE_KEY=X&SUPD_STS=1&SUPD_URS=0&SUPD_URSA=1&TYPENC=D&CLIENT_PHPVER=7.0.26&NGINX=Y&dbv=5.7.19&instm=main%2C17.5.13%2CY%3Bbitrix.sitecorporate%2C15.5.0%2CN%3Bb24connector%2C17.5.0%2CN%3Bfileman%2C17.5.10%2CN%3Bcompression%2C16.0.0%2CN%3Bsocialservices%2C17.5.4%2CN%3Bperfmon%2C17.0.1%2CN%3Bseo%2C17.5.3%2CN%3Bhighloadblock%2C17.5.0%2CN%3Bclouds%2C17.0.2%2CN%3Biblock%2C17.5.5%2CN%3Bsearch%2C17.5.0%2CN%3Btranslate%2C16.0.0%2CN%3Bnsandrey.emptyinstall%2C1.0.2%2CN%3Bui%2C17.5.5%2CN%3Bbitrixcloud%2C17.5.0%2CN&reqm=bitrix.sitecorporate%2Cnsandrey.emptyinstall%2Cbitrix.eshop&SUPD_SRS=RU&SUPD_CMP=N
2018-05-15 13:57:28 -  - exec CUpdateClientPartner::GetHTTPPage
2018-05-15 13:57:28 -  - TIME GetUpdatesList(request) 0.276 sec
2018-05-15 13:57:28 -  - exec CUpdateClientPartner::ParseServerData
2018-05-15 13:57:34 -  - exec CUpdateClientPartner::LoadModulesUpdates
2018-05-15 13:57:34 -  - exec CUpdateClientPartner::__CollectRequestData
2018-05-15 13:57:34 -  - utf=Y&lang=ru&stable=Y&CANGZIP=Y&SUPD_DBS=MYSQL&XE=N&CLIENT_SITE=192.168.0.91&LICENSE_KEY=X&SUPD_STS=1&SUPD_URS=0&SUPD_URSA=1&TYPENC=D&CLIENT_PHPVER=7.0.26&NGINX=Y&dbv=5.7.19&instm=main%2C17.5.13%2CY%3Bbitrix.sitecorporate%2C15.5.0%2CN%3Bb24connector%2C17.5.0%2CN%3Bfileman%2C17.5.10%2CN%3Bcompression%2C16.0.0%2CN%3Bsocialservices%2C17.5.4%2CN%3Bperfmon%2C17.0.1%2CN%3Bseo%2C17.5.3%2CN%3Bhighloadblock%2C17.5.0%2CN%3Bclouds%2C17.0.2%2CN%3Biblock%2C17.5.5%2CN%3Bsearch%2C17.5.0%2CN%3Btranslate%2C16.0.0%2CN%3Bnsandrey.emptyinstall%2C1.0.2%2CN%3Bui%2C17.5.5%2CN%3Bbitrixcloud%2C17.5.0%2CN&reqm=bitrix.eshop&lim=Y&SUPD_SRS=RU&SUPD_CMP=N
2018-05-15 13:57:34 -  - exec CUpdateClientPartner::GetHTTPPage
2018-05-15 13:57:35 -  - TIME LoadModulesUpdates(request) 0.278 sec
2018-05-15 13:57:35 -  - exec CUpdateClientPartner::ParseServerData
2018-05-15 13:57:35 - S - STEP
2018-05-15 13:57:35 - LMU01 - LoadModulesUpdates-Step
2018-05-15 13:57:35 -  - exec CUpdateClientPartner::LoadModulesUpdates
2018-05-15 13:57:35 -  - exec CUpdateClientPartner::ParseServerData
2018-05-15 13:57:35 -  - loadFile
2018-05-15 13:57:44 - U - RETURN
2018-05-15 13:57:44 -  - exec CUpdateClientPartner::UnGzipArchive
2018-05-15 13:57:44 -  - TIME UnGzipArchive 0.428 sec
2018-05-15 13:57:45 -  - TIME UpdateStepModules 0.304 sec
2018-05-15 13:57:45 - UPD_SUCCESS - Updated: bitrix.eshop
2018-05-15 13:57:45 -  - exec CUpdateClientPartner::LoadModulesUpdates
2018-05-15 13:57:45 -  - exec CUpdateClientPartner::__CollectRequestData
2018-05-15 13:57:45 -  - utf=Y&lang=ru&stable=Y&CANGZIP=Y&SUPD_DBS=MYSQL&XE=N&CLIENT_SITE=192.168.0.91&LICENSE_KEY=X&SUPD_STS=1&SUPD_URS=0&SUPD_URSA=1&TYPENC=D&CLIENT_PHPVER=7.0.26&NGINX=Y&dbv=5.7.19&instm=main%2C17.5.13%2CY%3Bbitrix.sitecorporate%2C15.5.0%2CN%3Bb24connector%2C17.5.0%2CN%3Bfileman%2C17.5.10%2CN%3Bcompression%2C16.0.0%2CN%3Bsocialservices%2C17.5.4%2CN%3Bperfmon%2C17.0.1%2CN%3Bseo%2C17.5.3%2CN%3Bhighloadblock%2C17.5.0%2CN%3Bclouds%2C17.0.2%2CN%3Biblock%2C17.5.5%2CN%3Bsearch%2C17.5.0%2CN%3Btranslate%2C16.0.0%2CN%3Bbitrix.eshop%2C15.5.1%2CN%3Bnsandrey.emptyinstall%2C1.0.2%2CN%3Bui%2C17.5.5%2CN%3Bbitrixcloud%2C17.5.0%2CN&reqm=bitrix.eshop&lim=Y&SUPD_SRS=RU&SUPD_CMP=N
2018-05-15 13:57:45 -  - exec CUpdateClientPartner::GetHTTPPage
2018-05-15 13:57:45 -  - TIME LoadModulesUpdates(request) 0.295 sec
2018-05-15 13:57:45 -  - exec CUpdateClientPartner::ParseServerData
2018-05-15 13:57:45 - S - STEP
2018-05-15 13:57:45 - LMU01 - LoadModulesUpdates-Step
2018-05-15 13:57:45 -  - exec CUpdateClientPartner::LoadModulesUpdates
2018-05-15 13:57:45 -  - exec CUpdateClientPartner::ParseServerData
2018-05-15 13:57:45 -  - loadFile
2018-05-15 13:57:45 - U - RETURN
2018-05-15 13:57:45 -  - exec CUpdateClientPartner::UnGzipArchive
2018-05-15 13:57:45 -  - TIME UnGzipArchive 0.001 sec
2018-05-15 13:57:45 - CSURUS1 - Run updater '/bitrix/updates/update_m1526381865/bitrix.eshop/updater15.5.2.php'
2018-05-15 13:57:45 -  - TIME UpdateStepModules 0.002 sec
2018-05-15 13:57:45 - UPD_SUCCESS - Updated: bitrix.eshop (15.5.2)<br><li>Исправление ошибок.
2018-05-15 13:57:45 -  - exec CUpdateClientPartner::LoadModulesUpdates
2018-05-15 13:57:45 -  - exec CUpdateClientPartner::__CollectRequestData
2018-05-15 13:57:45 -  - utf=Y&lang=ru&stable=Y&CANGZIP=Y&SUPD_DBS=MYSQL&XE=N&CLIENT_SITE=192.168.0.91&LICENSE_KEY=X&SUPD_STS=1&SUPD_URS=0&SUPD_URSA=1&TYPENC=D&CLIENT_PHPVER=7.0.26&NGINX=Y&dbv=5.7.19&instm=main%2C17.5.13%2CY%3Bbitrix.sitecorporate%2C15.5.0%2CN%3Bb24connector%2C17.5.0%2CN%3Bfileman%2C17.5.10%2CN%3Bcompression%2C16.0.0%2CN%3Bsocialservices%2C17.5.4%2CN%3Bperfmon%2C17.0.1%2CN%3Bseo%2C17.5.3%2CN%3Bhighloadblock%2C17.5.0%2CN%3Bclouds%2C17.0.2%2CN%3Biblock%2C17.5.5%2CN%3Bsearch%2C17.5.0%2CN%3Btranslate%2C16.0.0%2CN%3Bbitrix.eshop%2C15.5.2%2CN%3Bnsandrey.emptyinstall%2C1.0.2%2CN%3Bui%2C17.5.5%2CN%3Bbitrixcloud%2C17.5.0%2CN&reqm=bitrix.eshop&lim=Y&SUPD_SRS=RU&SUPD_CMP=N
2018-05-15 13:57:45 -  - exec CUpdateClientPartner::GetHTTPPage
2018-05-15 13:57:45 -  - TIME LoadModulesUpdates(request) 0.278 sec
2018-05-15 13:57:45 -  - exec CUpdateClientPartner::ParseServerData
2018-05-15 13:57:45 - S - STEP
2018-05-15 13:57:45 - LMU01 - LoadModulesUpdates-Step
2018-05-15 13:57:45 -  - exec CUpdateClientPartner::LoadModulesUpdates
2018-05-15 13:57:45 -  - exec CUpdateClientPartner::ParseServerData
2018-05-15 13:57:45 -  - loadFile
2018-05-15 13:57:46 - U - RETURN
2018-05-15 13:57:46 -  - exec CUpdateClientPartner::UnGzipArchive
2018-05-15 13:57:46 -  - TIME UnGzipArchive 0.001 sec
2018-05-15 13:57:46 - CSURUS1 - Run updater '/bitrix/updates/update_m1526381866/bitrix.eshop/updater16.0.0.php'
2018-05-15 13:57:46 -  - TIME UpdateStepModules 0.002 sec
2018-05-15 13:57:46 - UPD_SUCCESS - Updated: bitrix.eshop (16.0.0)<br><li>Незначительные изменения.
2018-05-15 13:57:46 -  - exec CUpdateClientPartner::LoadModulesUpdates
2018-05-15 13:57:46 -  - exec CUpdateClientPartner::__CollectRequestData
2018-05-15 13:57:46 -  - utf=Y&lang=ru&stable=Y&CANGZIP=Y&SUPD_DBS=MYSQL&XE=N&CLIENT_SITE=192.168.0.91&LICENSE_KEY=X&SUPD_STS=1&SUPD_URS=0&SUPD_URSA=1&TYPENC=D&CLIENT_PHPVER=7.0.26&NGINX=Y&dbv=5.7.19&instm=main%2C17.5.13%2CY%3Bbitrix.sitecorporate%2C15.5.0%2CN%3Bb24connector%2C17.5.0%2CN%3Bfileman%2C17.5.10%2CN%3Bcompression%2C16.0.0%2CN%3Bsocialservices%2C17.5.4%2CN%3Bperfmon%2C17.0.1%2CN%3Bseo%2C17.5.3%2CN%3Bhighloadblock%2C17.5.0%2CN%3Bclouds%2C17.0.2%2CN%3Biblock%2C17.5.5%2CN%3Bsearch%2C17.5.0%2CN%3Btranslate%2C16.0.0%2CN%3Bbitrix.eshop%2C16.0.0%2CN%3Bnsandrey.emptyinstall%2C1.0.2%2CN%3Bui%2C17.5.5%2CN%3Bbitrixcloud%2C17.5.0%2CN&reqm=bitrix.eshop&lim=Y&SUPD_SRS=RU&SUPD_CMP=N
2018-05-15 13:57:46 -  - exec CUpdateClientPartner::GetHTTPPage
2018-05-15 13:57:46 -  - TIME LoadModulesUpdates(request) 0.279 sec
2018-05-15 13:57:46 -  - exec CUpdateClientPartner::ParseServerData
2018-05-15 13:57:46 - S - STEP
2018-05-15 13:57:46 - LMU01 - LoadModulesUpdates-Step
2018-05-15 13:57:46 -  - exec CUpdateClientPartner::LoadModulesUpdates
2018-05-15 13:57:46 -  - exec CUpdateClientPartner::ParseServerData
2018-05-15 13:57:46 -  - loadFile
2018-05-15 13:57:46 - U - RETURN
2018-05-15 13:57:46 -  - exec CUpdateClientPartner::UnGzipArchive
2018-05-15 13:57:46 -  - TIME UnGzipArchive 0.007 sec
2018-05-15 13:57:46 - CSURUS1 - Run updater '/bitrix/updates/update_m1526381866/bitrix.eshop/updater16.5.0.php'
2018-05-15 13:57:46 -  - TIME UpdateStepModules 0.009 sec
2018-05-15 13:57:46 - UPD_SUCCESS - Updated: bitrix.eshop (16.5.0)<br><li>Правки в мастере для новой версии магазина.
2018-05-15 13:57:46 -  - exec CUpdateClientPartner::LoadModulesUpdates
2018-05-15 13:57:46 -  - exec CUpdateClientPartner::__CollectRequestData
2018-05-15 13:57:46 -  - utf=Y&lang=ru&stable=Y&CANGZIP=Y&SUPD_DBS=MYSQL&XE=N&CLIENT_SITE=192.168.0.91&LICENSE_KEY=X&SUPD_STS=1&SUPD_URS=0&SUPD_URSA=1&TYPENC=D&CLIENT_PHPVER=7.0.26&NGINX=Y&dbv=5.7.19&instm=main%2C17.5.13%2CY%3Bbitrix.sitecorporate%2C15.5.0%2CN%3Bb24connector%2C17.5.0%2CN%3Bfileman%2C17.5.10%2CN%3Bcompression%2C16.0.0%2CN%3Bsocialservices%2C17.5.4%2CN%3Bperfmon%2C17.0.1%2CN%3Bseo%2C17.5.3%2CN%3Bhighloadblock%2C17.5.0%2CN%3Bclouds%2C17.0.2%2CN%3Biblock%2C17.5.5%2CN%3Bsearch%2C17.5.0%2CN%3Btranslate%2C16.0.0%2CN%3Bbitrix.eshop%2C16.5.0%2CN%3Bnsandrey.emptyinstall%2C1.0.2%2CN%3Bui%2C17.5.5%2CN%3Bbitrixcloud%2C17.5.0%2CN&reqm=bitrix.eshop&lim=Y&SUPD_SRS=RU&SUPD_CMP=N
2018-05-15 13:57:46 -  - exec CUpdateClientPartner::GetHTTPPage
2018-05-15 13:57:47 -  - TIME LoadModulesUpdates(request) 0.302 sec
2018-05-15 13:57:47 -  - exec CUpdateClientPartner::ParseServerData
2018-05-15 13:57:47 - S - STEP
2018-05-15 13:57:47 - LMU01 - LoadModulesUpdates-Step
2018-05-15 13:57:47 -  - exec CUpdateClientPartner::LoadModulesUpdates
2018-05-15 13:57:47 -  - exec CUpdateClientPartner::ParseServerData
2018-05-15 13:57:47 -  - loadFile
2018-05-15 13:57:47 - U - RETURN
2018-05-15 13:57:47 -  - exec CUpdateClientPartner::UnGzipArchive
2018-05-15 13:57:47 -  - TIME UnGzipArchive 0.002 sec
2018-05-15 13:57:47 - CSURUS1 - Run updater '/bitrix/updates/update_m1526381867/bitrix.eshop/updater16.5.1/index.php'
2018-05-15 13:57:47 -  - TIME UpdateStepModules 0.003 sec
2018-05-15 13:57:47 - UPD_SUCCESS - Updated: bitrix.eshop (16.5.1)<br><li>Незначительные изменения в демо-данных мастера.
2018-05-15 13:57:47 -  - exec CUpdateClientPartner::LoadModulesUpdates
2018-05-15 13:57:47 -  - exec CUpdateClientPartner::__CollectRequestData
2018-05-15 13:57:47 -  - utf=Y&lang=ru&stable=Y&CANGZIP=Y&SUPD_DBS=MYSQL&XE=N&CLIENT_SITE=192.168.0.91&LICENSE_KEY=X&SUPD_STS=1&SUPD_URS=0&SUPD_URSA=1&TYPENC=D&CLIENT_PHPVER=7.0.26&NGINX=Y&dbv=5.7.19&instm=main%2C17.5.13%2CY%3Bbitrix.sitecorporate%2C15.5.0%2CN%3Bb24connector%2C17.5.0%2CN%3Bfileman%2C17.5.10%2CN%3Bcompression%2C16.0.0%2CN%3Bsocialservices%2C17.5.4%2CN%3Bperfmon%2C17.0.1%2CN%3Bseo%2C17.5.3%2CN%3Bhighloadblock%2C17.5.0%2CN%3Bclouds%2C17.0.2%2CN%3Biblock%2C17.5.5%2CN%3Bsearch%2C17.5.0%2CN%3Btranslate%2C16.0.0%2CN%3Bbitrix.eshop%2C16.5.1%2CN%3Bnsandrey.emptyinstall%2C1.0.2%2CN%3Bui%2C17.5.5%2CN%3Bbitrixcloud%2C17.5.0%2CN&reqm=bitrix.eshop&lim=Y&SUPD_SRS=RU&SUPD_CMP=N
2018-05-15 13:57:47 -  - exec CUpdateClientPartner::GetHTTPPage
2018-05-15 13:57:47 -  - TIME LoadModulesUpdates(request) 0.295 sec
2018-05-15 13:57:47 -  - exec CUpdateClientPartner::ParseServerData
2018-05-15 13:57:47 - S - STEP
2018-05-15 13:57:47 - LMU01 - LoadModulesUpdates-Step
2018-05-15 13:57:47 -  - exec CUpdateClientPartner::LoadModulesUpdates
2018-05-15 13:57:47 -  - exec CUpdateClientPartner::ParseServerData
2018-05-15 13:57:47 -  - loadFile
2018-05-15 13:57:48 - U - RETURN
2018-05-15 13:57:48 -  - exec CUpdateClientPartner::UnGzipArchive
2018-05-15 13:57:48 -  - TIME UnGzipArchive 0.001 sec
2018-05-15 13:57:48 - CSURUS1 - Run updater '/bitrix/updates/update_m1526381868/bitrix.eshop/updater16.5.2.php'
2018-05-15 13:57:48 -  - TIME UpdateStepModules 0.001 sec
2018-05-15 13:57:48 - UPD_SUCCESS - Updated: bitrix.eshop (16.5.2)<br><li>Незначительные изменения в демо-данных мастера.
2018-05-15 13:57:48 -  - exec CUpdateClientPartner::LoadModulesUpdates
2018-05-15 13:57:48 -  - exec CUpdateClientPartner::__CollectRequestData
2018-05-15 13:57:48 -  - utf=Y&lang=ru&stable=Y&CANGZIP=Y&SUPD_DBS=MYSQL&XE=N&CLIENT_SITE=192.168.0.91&LICENSE_KEY=X&SUPD_STS=1&SUPD_URS=0&SUPD_URSA=1&TYPENC=D&CLIENT_PHPVER=7.0.26&NGINX=Y&dbv=5.7.19&instm=main%2C17.5.13%2CY%3Bbitrix.sitecorporate%2C15.5.0%2CN%3Bb24connector%2C17.5.0%2CN%3Bfileman%2C17.5.10%2CN%3Bcompression%2C16.0.0%2CN%3Bsocialservices%2C17.5.4%2CN%3Bperfmon%2C17.0.1%2CN%3Bseo%2C17.5.3%2CN%3Bhighloadblock%2C17.5.0%2CN%3Bclouds%2C17.0.2%2CN%3Biblock%2C17.5.5%2CN%3Bsearch%2C17.5.0%2CN%3Btranslate%2C16.0.0%2CN%3Bbitrix.eshop%2C16.5.2%2CN%3Bnsandrey.emptyinstall%2C1.0.2%2CN%3Bui%2C17.5.5%2CN%3Bbitrixcloud%2C17.5.0%2CN&reqm=bitrix.eshop&lim=Y&SUPD_SRS=RU&SUPD_CMP=N
2018-05-15 13:57:48 -  - exec CUpdateClientPartner::GetHTTPPage
2018-05-15 13:57:48 -  - TIME LoadModulesUpdates(request) 0.34 sec
2018-05-15 13:57:48 -  - exec CUpdateClientPartner::ParseServerData
2018-05-15 13:57:48 - S - STEP
2018-05-15 13:57:48 - LMU01 - LoadModulesUpdates-Step
2018-05-15 13:57:48 -  - exec CUpdateClientPartner::LoadModulesUpdates
2018-05-15 13:57:48 -  - exec CUpdateClientPartner::ParseServerData
2018-05-15 13:57:48 -  - loadFile
2018-05-15 13:57:48 - U - RETURN
2018-05-15 13:57:48 -  - exec CUpdateClientPartner::UnGzipArchive
2018-05-15 13:57:48 -  - TIME UnGzipArchive 0.001 sec
2018-05-15 13:57:48 - CSURUS1 - Run updater '/bitrix/updates/update_m1526381868/bitrix.eshop/updater16.5.3.php'
2018-05-15 13:57:48 -  - TIME UpdateStepModules 0.002 sec
2018-05-15 13:57:48 - UPD_SUCCESS - Updated: bitrix.eshop (16.5.3)<br><li>Добавлен новый комплексный компонент персонального раздела.
2018-05-15 13:57:48 -  - exec CUpdateClientPartner::LoadModulesUpdates
2018-05-15 13:57:48 -  - exec CUpdateClientPartner::__CollectRequestData
2018-05-15 13:57:48 -  - utf=Y&lang=ru&stable=Y&CANGZIP=Y&SUPD_DBS=MYSQL&XE=N&CLIENT_SITE=192.168.0.91&LICENSE_KEY=X&SUPD_STS=1&SUPD_URS=0&SUPD_URSA=1&TYPENC=D&CLIENT_PHPVER=7.0.26&NGINX=Y&dbv=5.7.19&instm=main%2C17.5.13%2CY%3Bbitrix.sitecorporate%2C15.5.0%2CN%3Bb24connector%2C17.5.0%2CN%3Bfileman%2C17.5.10%2CN%3Bcompression%2C16.0.0%2CN%3Bsocialservices%2C17.5.4%2CN%3Bperfmon%2C17.0.1%2CN%3Bseo%2C17.5.3%2CN%3Bhighloadblock%2C17.5.0%2CN%3Bclouds%2C17.0.2%2CN%3Biblock%2C17.5.5%2CN%3Bsearch%2C17.5.0%2CN%3Btranslate%2C16.0.0%2CN%3Bbitrix.eshop%2C16.5.3%2CN%3Bnsandrey.emptyinstall%2C1.0.2%2CN%3Bui%2C17.5.5%2CN%3Bbitrixcloud%2C17.5.0%2CN&reqm=bitrix.eshop&lim=Y&SUPD_SRS=RU&SUPD_CMP=N
2018-05-15 13:57:48 -  - exec CUpdateClientPartner::GetHTTPPage
2018-05-15 13:57:48 -  - TIME LoadModulesUpdates(request) 0.324 sec
2018-05-15 13:57:48 -  - exec CUpdateClientPartner::ParseServerData
2018-05-15 13:57:48 - S - STEP
2018-05-15 13:57:48 - LMU01 - LoadModulesUpdates-Step
2018-05-15 13:57:48 -  - exec CUpdateClientPartner::LoadModulesUpdates
2018-05-15 13:57:48 -  - exec CUpdateClientPartner::ParseServerData
2018-05-15 13:57:48 -  - loadFile
2018-05-15 13:57:49 - U - RETURN
2018-05-15 13:57:49 -  - exec CUpdateClientPartner::UnGzipArchive
2018-05-15 13:57:49 -  - TIME UnGzipArchive 0.004 sec
2018-05-15 13:57:49 - CSURUS1 - Run updater '/bitrix/updates/update_m1526381869/bitrix.eshop/updater16.5.4.php'
2018-05-15 13:57:49 -  - TIME UpdateStepModules 0.006 sec
2018-05-15 13:57:49 - UPD_SUCCESS - Updated: bitrix.eshop (16.5.4)<br><li>Незначительные доработки шаблона.
2018-05-15 13:57:49 -  - exec CUpdateClientPartner::LoadModulesUpdates
2018-05-15 13:57:49 -  - exec CUpdateClientPartner::__CollectRequestData
2018-05-15 13:57:49 -  - utf=Y&lang=ru&stable=Y&CANGZIP=Y&SUPD_DBS=MYSQL&XE=N&CLIENT_SITE=192.168.0.91&LICENSE_KEY=X&SUPD_STS=1&SUPD_URS=0&SUPD_URSA=1&TYPENC=D&CLIENT_PHPVER=7.0.26&NGINX=Y&dbv=5.7.19&instm=main%2C17.5.13%2CY%3Bbitrix.sitecorporate%2C15.5.0%2CN%3Bb24connector%2C17.5.0%2CN%3Bfileman%2C17.5.10%2CN%3Bcompression%2C16.0.0%2CN%3Bsocialservices%2C17.5.4%2CN%3Bperfmon%2C17.0.1%2CN%3Bseo%2C17.5.3%2CN%3Bhighloadblock%2C17.5.0%2CN%3Bclouds%2C17.0.2%2CN%3Biblock%2C17.5.5%2CN%3Bsearch%2C17.5.0%2CN%3Btranslate%2C16.0.0%2CN%3Bbitrix.eshop%2C16.5.4%2CN%3Bnsandrey.emptyinstall%2C1.0.2%2CN%3Bui%2C17.5.5%2CN%3Bbitrixcloud%2C17.5.0%2CN&reqm=bitrix.eshop&lim=Y&SUPD_SRS=RU&SUPD_CMP=N
2018-05-15 13:57:49 -  - exec CUpdateClientPartner::GetHTTPPage
2018-05-15 13:57:49 -  - TIME LoadModulesUpdates(request) 0.267 sec
2018-05-15 13:57:49 -  - exec CUpdateClientPartner::ParseServerData
2018-05-15 13:57:49 - S - STEP
2018-05-15 13:57:49 - LMU01 - LoadModulesUpdates-Step
2018-05-15 13:57:49 -  - exec CUpdateClientPartner::LoadModulesUpdates
2018-05-15 13:57:49 -  - exec CUpdateClientPartner::ParseServerData
2018-05-15 13:57:49 -  - loadFile
2018-05-15 13:57:49 - U - RETURN
2018-05-15 13:57:49 -  - exec CUpdateClientPartner::UnGzipArchive
2018-05-15 13:57:49 -  - TIME UnGzipArchive 0.014 sec
2018-05-15 13:57:49 - CSURUS1 - Run updater '/bitrix/updates/update_m1526381869/bitrix.eshop/updater17.0.0/index.php'
2018-05-15 13:57:49 -  - TIME UpdateStepModules 0.013 sec
2018-05-15 13:57:49 - UPD_SUCCESS - Updated: bitrix.eshop (17.0.0)<br><li>Исправлены ошибки создания демо-данных <li>Исправлены ошибки публичных страниц магазина <li>Исправлена ошибка в мастере настройки магазина при выборе всех служб доставки
2018-05-15 13:57:49 -  - exec CUpdateClientPartner::LoadModulesUpdates
2018-05-15 13:57:49 -  - exec CUpdateClientPartner::__CollectRequestData
2018-05-15 13:57:49 -  - utf=Y&lang=ru&stable=Y&CANGZIP=Y&SUPD_DBS=MYSQL&XE=N&CLIENT_SITE=192.168.0.91&LICENSE_KEY=X&SUPD_STS=1&SUPD_URS=0&SUPD_URSA=1&TYPENC=D&CLIENT_PHPVER=7.0.26&NGINX=Y&dbv=5.7.19&instm=main%2C17.5.13%2CY%3Bbitrix.sitecorporate%2C15.5.0%2CN%3Bb24connector%2C17.5.0%2CN%3Bfileman%2C17.5.10%2CN%3Bcompression%2C16.0.0%2CN%3Bsocialservices%2C17.5.4%2CN%3Bperfmon%2C17.0.1%2CN%3Bseo%2C17.5.3%2CN%3Bhighloadblock%2C17.5.0%2CN%3Bclouds%2C17.0.2%2CN%3Biblock%2C17.5.5%2CN%3Bsearch%2C17.5.0%2CN%3Btranslate%2C16.0.0%2CN%3Bbitrix.eshop%2C17.0.0%2CN%3Bnsandrey.emptyinstall%2C1.0.2%2CN%3Bui%2C17.5.5%2CN%3Bbitrixcloud%2C17.5.0%2CN&reqm=bitrix.eshop&lim=Y&SUPD_SRS=RU&SUPD_CMP=N
2018-05-15 13:57:49 -  - exec CUpdateClientPartner::GetHTTPPage
2018-05-15 13:57:50 -  - TIME LoadModulesUpdates(request) 0.285 sec
2018-05-15 13:57:50 -  - exec CUpdateClientPartner::ParseServerData
2018-05-15 13:57:50 - S - STEP
2018-05-15 13:57:50 - LMU01 - LoadModulesUpdates-Step
2018-05-15 13:57:50 -  - exec CUpdateClientPartner::LoadModulesUpdates
2018-05-15 13:57:50 -  - exec CUpdateClientPartner::ParseServerData
2018-05-15 13:57:50 -  - loadFile
2018-05-15 13:57:50 - U - RETURN
2018-05-15 13:57:50 -  - exec CUpdateClientPartner::UnGzipArchive
2018-05-15 13:57:50 -  - TIME UnGzipArchive 0.001 sec
2018-05-15 13:57:50 - CSURUS1 - Run updater '/bitrix/updates/update_m1526381870/bitrix.eshop/updater17.0.1.php'
2018-05-15 13:57:50 -  - TIME UpdateStepModules 0.002 sec
2018-05-15 13:57:50 - UPD_SUCCESS - Updated: bitrix.eshop (17.0.1)<br><li>Добавлена поддержка закона о персональных данных ФЗ-152 по умолчанию в компоненте sale.order.ajax.
2018-05-15 13:57:50 -  - exec CUpdateClientPartner::LoadModulesUpdates
2018-05-15 13:57:50 -  - exec CUpdateClientPartner::__CollectRequestData
2018-05-15 13:57:50 -  - utf=Y&lang=ru&stable=Y&CANGZIP=Y&SUPD_DBS=MYSQL&XE=N&CLIENT_SITE=192.168.0.91&LICENSE_KEY=X&SUPD_STS=1&SUPD_URS=0&SUPD_URSA=1&TYPENC=D&CLIENT_PHPVER=7.0.26&NGINX=Y&dbv=5.7.19&instm=main%2C17.5.13%2CY%3Bbitrix.sitecorporate%2C15.5.0%2CN%3Bb24connector%2C17.5.0%2CN%3Bfileman%2C17.5.10%2CN%3Bcompression%2C16.0.0%2CN%3Bsocialservices%2C17.5.4%2CN%3Bperfmon%2C17.0.1%2CN%3Bseo%2C17.5.3%2CN%3Bhighloadblock%2C17.5.0%2CN%3Bclouds%2C17.0.2%2CN%3Biblock%2C17.5.5%2CN%3Bsearch%2C17.5.0%2CN%3Btranslate%2C16.0.0%2CN%3Bbitrix.eshop%2C17.0.1%2CN%3Bnsandrey.emptyinstall%2C1.0.2%2CN%3Bui%2C17.5.5%2CN%3Bbitrixcloud%2C17.5.0%2CN&reqm=bitrix.eshop&lim=Y&SUPD_SRS=RU&SUPD_CMP=N
2018-05-15 13:57:50 -  - exec CUpdateClientPartner::GetHTTPPage
2018-05-15 13:57:50 -  - TIME LoadModulesUpdates(request) 0.286 sec
2018-05-15 13:57:50 -  - exec CUpdateClientPartner::ParseServerData
2018-05-15 13:57:50 - STEP - Finish - NOUPDATES
2018-05-15 13:57:50 - STEP - Finish - NOUPDATES
2018-05-15 13:58:18 -  - exec CUpdateClientPartner::GetUpdatesList
2018-05-15 13:58:18 -  - exec CUpdateClientPartner::__CollectRequestData
2018-05-15 13:58:18 -  - utf=Y&lang=ru&stable=Y&CANGZIP=Y&SUPD_DBS=MYSQL&XE=N&CLIENT_SITE=192.168.0.91&LICENSE_KEY=X&SUPD_STS=1&SUPD_URS=0&SUPD_URSA=1&TYPENC=D&CLIENT_PHPVER=7.0.26&NGINX=Y&dbv=5.7.19&instm=main%2C17.5.13%2CY%3Bbitrix.sitecorporate%2C15.5.0%2CN%3Bb24connector%2C17.5.0%2CN%3Bfileman%2C17.5.10%2CN%3Bcompression%2C16.0.0%2CN%3Bsocialservices%2C17.5.4%2CN%3Bperfmon%2C17.0.1%2CN%3Bseo%2C17.5.3%2CN%3Bhighloadblock%2C17.5.0%2CN%3Bclouds%2C17.0.2%2CN%3Biblock%2C17.5.5%2CN%3Bsearch%2C17.5.0%2CN%3Btranslate%2C16.0.0%2CN%3Bbitrix.eshop%2C17.0.1%2CN%3Bnsandrey.emptyinstall%2C1.0.2%2CN%3Bui%2C17.5.5%2CN%3Bbitrixcloud%2C17.5.0%2CN&reqm=bitrix.sitecorporate%2Cbitrix.eshop%2Cnsandrey.emptyinstall&fullmoduleinfo=Y&SUPD_SRS=RU&SUPD_CMP=N
2018-05-15 13:58:18 -  - exec CUpdateClientPartner::GetHTTPPage
2018-05-15 13:58:18 -  - TIME GetUpdatesList(request) 0.288 sec
2018-05-15 13:58:18 -  - exec CUpdateClientPartner::ParseServerData
2018-05-15 13:58:18 -  - exec CUpdateClientPartner::GetUpdatesList
2018-05-15 13:58:18 -  - exec CUpdateClientPartner::__CollectRequestData
2018-05-15 13:58:18 -  - utf=Y&lang=ru&stable=Y&CANGZIP=Y&SUPD_DBS=MYSQL&XE=N&CLIENT_SITE=192.168.0.91&LICENSE_KEY=X&SUPD_STS=1&SUPD_URS=0&SUPD_URSA=1&TYPENC=D&CLIENT_PHPVER=7.0.26&NGINX=Y&dbv=5.7.19&instm=main%2C17.5.13%2CY%3Bbitrix.sitecorporate%2C15.5.0%2CN%3Bb24connector%2C17.5.0%2CN%3Bfileman%2C17.5.10%2CN%3Bcompression%2C16.0.0%2CN%3Bsocialservices%2C17.5.4%2CN%3Bperfmon%2C17.0.1%2CN%3Bseo%2C17.5.3%2CN%3Bhighloadblock%2C17.5.0%2CN%3Bclouds%2C17.0.2%2CN%3Biblock%2C17.5.5%2CN%3Bsearch%2C17.5.0%2CN%3Btranslate%2C16.0.0%2CN%3Bbitrix.eshop%2C17.0.1%2CN%3Bnsandrey.emptyinstall%2C1.0.2%2CN%3Bui%2C17.5.5%2CN%3Bbitrixcloud%2C17.5.0%2CN&reqm=bitrix.sitecorporate%2Cbitrix.eshop%2Cnsandrey.emptyinstall&fullmoduleinfo=Y&SUPD_SRS=RU&SUPD_CMP=N
2018-05-15 13:58:18 -  - exec CUpdateClientPartner::GetHTTPPage
2018-05-15 13:58:18 -  - TIME GetUpdatesList(request) 0.33 sec
2018-05-15 13:58:18 -  - exec CUpdateClientPartner::ParseServerData
2018-05-15 13:59:29 -  - exec CUpdateClientPartner::GetUpdatesList
2018-05-15 13:59:29 -  - exec CUpdateClientPartner::__CollectRequestData
2018-05-15 13:59:29 -  - utf=Y&lang=ru&stable=Y&CANGZIP=Y&SUPD_DBS=MYSQL&XE=N&CLIENT_SITE=192.168.0.91&LICENSE_KEY=X&SUPD_STS=1&SUPD_URS=0&SUPD_URSA=1&TYPENC=D&CLIENT_PHPVER=7.0.26&NGINX=Y&dbv=5.7.19&instm=main%2C17.5.13%2CY%3Bbitrix.sitecorporate%2C15.5.0%2CN%3Bb24connector%2C17.5.0%2CN%3Bfileman%2C17.5.10%2CN%3Bcompression%2C16.0.0%2CN%3Bsocialservices%2C17.5.4%2CN%3Bperfmon%2C17.0.1%2CN%3Bseo%2C17.5.3%2CN%3Bhighloadblock%2C17.5.0%2CN%3Bclouds%2C17.0.2%2CN%3Biblock%2C17.5.5%2CN%3Bsearch%2C17.5.0%2CN%3Btranslate%2C16.0.0%2CN%3Bbitrix.eshop%2C17.0.1%2CN%3Bnsandrey.emptyinstall%2C1.0.2%2CN%3Bui%2C17.5.5%2CN%3Bbitrixcloud%2C17.5.0%2CN&reqm=bitrix.sitecorporate%2Cbitrix.eshop%2Cnsandrey.emptyinstall&fullmoduleinfo=Y&SUPD_SRS=RU&SUPD_CMP=N
2018-05-15 13:59:29 -  - exec CUpdateClientPartner::GetHTTPPage
2018-05-15 13:59:29 -  - TIME GetUpdatesList(request) 0.296 sec
2018-05-15 13:59:29 -  - exec CUpdateClientPartner::ParseServerData
2018-05-15 13:59:44 -  - exec CUpdateClientPartner::GetUpdatesList
2018-05-15 13:59:44 -  - exec CUpdateClientPartner::__CollectRequestData
2018-05-15 13:59:44 -  - utf=Y&lang=ru&stable=Y&CANGZIP=Y&SUPD_DBS=MYSQL&XE=N&CLIENT_SITE=192.168.0.91&LICENSE_KEY=X&SUPD_STS=1&SUPD_URS=0&SUPD_URSA=1&TYPENC=D&CLIENT_PHPVER=7.0.26&NGINX=Y&dbv=5.7.19&instm=main%2C17.5.13%2CY%3Bbitrix.sitecorporate%2C15.5.0%2CN%3Bb24connector%2C17.5.0%2CN%3Bfileman%2C17.5.10%2CN%3Bcompression%2C16.0.0%2CN%3Bsocialservices%2C17.5.4%2CN%3Bperfmon%2C17.0.1%2CN%3Bseo%2C17.5.3%2CN%3Bhighloadblock%2C17.5.0%2CN%3Bclouds%2C17.0.2%2CN%3Biblock%2C17.5.5%2CN%3Bsearch%2C17.5.0%2CN%3Btranslate%2C16.0.0%2CN%3Bbitrix.eshop%2C17.0.1%2CN%3Bnsandrey.emptyinstall%2C1.0.2%2CN%3Bui%2C17.5.5%2CN%3Bbitrixcloud%2C17.5.0%2CN&reqm=bitrix.sitecorporate%2Cbitrix.eshop%2Cnsandrey.emptyinstall&fullmoduleinfo=Y&SUPD_SRS=RU&SUPD_CMP=N
2018-05-15 13:59:44 -  - exec CUpdateClientPartner::GetHTTPPage
2018-05-15 13:59:44 -  - TIME GetUpdatesList(request) 0.282 sec
2018-05-15 13:59:44 -  - exec CUpdateClientPartner::ParseServerData
2018-05-15 13:59:45 -  - exec CUpdateClientPartner::GetUpdatesList
2018-05-15 13:59:45 -  - exec CUpdateClientPartner::__CollectRequestData
2018-05-15 13:59:45 -  - utf=Y&lang=ru&stable=Y&CANGZIP=Y&SUPD_DBS=MYSQL&XE=N&CLIENT_SITE=192.168.0.91&LICENSE_KEY=X&SUPD_STS=1&SUPD_URS=0&SUPD_URSA=1&TYPENC=D&CLIENT_PHPVER=7.0.26&NGINX=Y&dbv=5.7.19&instm=main%2C17.5.13%2CY%3Bbitrix.sitecorporate%2C15.5.0%2CN%3Bb24connector%2C17.5.0%2CN%3Bfileman%2C17.5.10%2CN%3Bcompression%2C16.0.0%2CN%3Bsocialservices%2C17.5.4%2CN%3Bperfmon%2C17.0.1%2CN%3Bseo%2C17.5.3%2CN%3Bhighloadblock%2C17.5.0%2CN%3Bclouds%2C17.0.2%2CN%3Biblock%2C17.5.5%2CN%3Bsearch%2C17.5.0%2CN%3Btranslate%2C16.0.0%2CN%3Bbitrix.eshop%2C17.0.1%2CN%3Bnsandrey.emptyinstall%2C1.0.2%2CN%3Bui%2C17.5.5%2CN%3Bbitrixcloud%2C17.5.0%2CN&reqm=bitrix.sitecorporate%2Cbitrix.eshop%2Cnsandrey.emptyinstall&fullmoduleinfo=Y&SUPD_SRS=RU&SUPD_CMP=N
2018-05-15 13:59:45 -  - exec CUpdateClientPartner::GetHTTPPage
2018-05-15 13:59:45 -  - TIME GetUpdatesList(request) 0.286 sec
2018-05-15 13:59:45 -  - exec CUpdateClientPartner::ParseServerData
2018-05-15 14:03:51 -  - exec CUpdateClientPartner::GetUpdatesList
2018-05-15 14:03:51 -  - exec CUpdateClientPartner::__CollectRequestData
2018-05-15 14:03:51 -  - utf=Y&lang=ru&stable=Y&CANGZIP=Y&SUPD_DBS=MYSQL&XE=N&CLIENT_SITE=192.168.0.91&LICENSE_KEY=X&SUPD_STS=2&SUPD_URS=0&SUPD_URSA=1&TYPENC=D&CLIENT_PHPVER=7.0.26&NGINX=Y&dbv=5.7.19&instm=main%2C17.5.13%2CY%3Bbitrix.sitecorporate%2C15.5.0%2CN%3Bb24connector%2C17.5.0%2CN%3Bfileman%2C17.5.10%2CN%3Bcompression%2C16.0.0%2CN%3Bsocialservices%2C17.5.4%2CN%3Bperfmon%2C17.0.1%2CN%3Bseo%2C17.5.3%2CN%3Bhighloadblock%2C17.5.0%2CN%3Bclouds%2C17.0.2%2CN%3Biblock%2C17.5.5%2CN%3Bsearch%2C17.5.0%2CN%3Btranslate%2C16.0.0%2CN%3Bbitrix.eshop%2C17.0.1%2CN%3Bnsandrey.emptyinstall%2C1.0.2%2CN%3Bui%2C17.5.5%2CN%3Bbitrixcloud%2C17.5.0%2CN&reqm=bitrix.sitecorporate%2Cbitrix.eshop%2Cnsandrey.emptyinstall&fullmoduleinfo=Y&SUPD_SRS=RU&SUPD_CMP=Y
2018-05-15 14:03:51 -  - exec CUpdateClientPartner::GetHTTPPage
2018-05-15 14:03:52 -  - TIME GetUpdatesList(request) 1.115 sec
2018-05-15 14:03:52 -  - exec CUpdateClientPartner::ParseServerData
2018-05-15 14:04:58 -  - exec CUpdateClientPartner::GetUpdatesList
2018-05-15 14:04:58 -  - exec CUpdateClientPartner::__CollectRequestData
2018-05-15 14:04:58 -  - utf=Y&lang=ru&stable=Y&CANGZIP=Y&SUPD_DBS=MYSQL&XE=N&CLIENT_SITE=192.168.0.91&LICENSE_KEY=X&SUPD_STS=2&SUPD_URS=0&SUPD_URSA=1&TYPENC=D&CLIENT_PHPVER=7.0.26&NGINX=Y&dbv=5.7.19&instm=main%2C17.5.13%2CY%3Bbitrix.sitecorporate%2C15.5.0%2CN%3Bb24connector%2C17.5.0%2CN%3Bfileman%2C17.5.10%2CN%3Bcompression%2C16.0.0%2CN%3Bsocialservices%2C17.5.4%2CN%3Bperfmon%2C17.0.1%2CN%3Bseo%2C17.5.3%2CN%3Bhighloadblock%2C17.5.0%2CN%3Bclouds%2C17.0.2%2CN%3Biblock%2C17.5.5%2CN%3Bsearch%2C17.5.0%2CN%3Btranslate%2C16.0.0%2CN%3Bbitrix.eshop%2C17.0.1%2CN%3Bnsandrey.emptyinstall%2C1.0.2%2CN%3Bui%2C17.5.5%2CN%3Bbitrixcloud%2C17.5.0%2CN&reqm=bitrix.sitecorporate%2Cbitrix.eshop%2Cnsandrey.emptyinstall&fullmoduleinfo=Y&SUPD_SRS=RU&SUPD_CMP=Y
2018-05-15 14:04:58 -  - exec CUpdateClientPartner::GetHTTPPage
2018-05-15 14:04:58 -  - TIME GetUpdatesList(request) 0.311 sec
2018-05-15 14:04:58 -  - exec CUpdateClientPartner::ParseServerData
2018-05-15 14:20:42 -  - exec CUpdateClientPartner::GetUpdatesList
2018-05-15 14:20:42 -  - exec CUpdateClientPartner::__CollectRequestData
2018-05-15 14:20:42 -  - utf=Y&lang=ru&stable=Y&CANGZIP=Y&SUPD_DBS=MYSQL&XE=N&CLIENT_SITE=192.168.0.91&LICENSE_KEY=X&SUPD_STS=2&SUPD_URS=0&SUPD_URSA=1&TYPENC=D&CLIENT_PHPVER=7.0.26&NGINX=Y&dbv=5.7.19&instm=main%2C17.5.13%2CY%3Bbitrix.sitecorporate%2C15.5.0%2CN%3Bb24connector%2C17.5.0%2CN%3Bfileman%2C17.5.10%2CN%3Bcompression%2C16.0.0%2CN%3Bsocialservices%2C17.5.4%2CN%3Bperfmon%2C17.0.1%2CN%3Bseo%2C17.5.3%2CN%3Bhighloadblock%2C17.5.0%2CN%3Bclouds%2C17.0.2%2CN%3Biblock%2C17.5.5%2CN%3Bsearch%2C17.5.0%2CN%3Btranslate%2C16.0.0%2CN%3Bbitrix.eshop%2C17.0.1%2CN%3Bnsandrey.emptyinstall%2C1.0.2%2CN%3Bui%2C17.5.5%2CN%3Bbitrixcloud%2C17.5.0%2CN&reqm=bitrix.sitecorporate%2Cbitrix.eshop%2Cnsandrey.emptyinstall&fullmoduleinfo=Y&SUPD_SRS=RU&SUPD_CMP=Y
2018-05-15 14:20:42 -  - exec CUpdateClientPartner::GetHTTPPage
2018-05-15 14:20:45 -  - TIME GetUpdatesList(request) 3.351 sec
2018-05-15 14:20:45 -  - exec CUpdateClientPartner::ParseServerData
2018-05-15 14:20:50 -  - exec CUpdateClientPartner::GetUpdatesList
2018-05-15 14:20:50 -  - exec CUpdateClientPartner::__CollectRequestData
2018-05-15 14:20:50 -  - utf=Y&lang=ru&stable=Y&CANGZIP=Y&SUPD_DBS=MYSQL&XE=N&CLIENT_SITE=192.168.0.91&LICENSE_KEY=X&SUPD_STS=2&SUPD_URS=0&SUPD_URSA=1&TYPENC=D&CLIENT_PHPVER=7.0.26&NGINX=Y&dbv=5.7.19&instm=main%2C17.5.13%2CY%3Bbitrix.sitecorporate%2C15.5.0%2CN%3Bb24connector%2C17.5.0%2CN%3Bfileman%2C17.5.10%2CN%3Bcompression%2C16.0.0%2CN%3Bsocialservices%2C17.5.4%2CN%3Bperfmon%2C17.0.1%2CN%3Bseo%2C17.5.3%2CN%3Bhighloadblock%2C17.5.0%2CN%3Bclouds%2C17.0.2%2CN%3Biblock%2C17.5.5%2CN%3Bsearch%2C17.5.0%2CN%3Btranslate%2C16.0.0%2CN%3Bbitrix.eshop%2C17.0.1%2CN%3Bnsandrey.emptyinstall%2C1.0.2%2CN%3Bui%2C17.5.5%2CN%3Bbitrixcloud%2C17.5.0%2CN&reqm=bitrix.sitecorporate%2Cbitrix.eshop%2Cnsandrey.emptyinstall&fullmoduleinfo=Y&SUPD_SRS=RU&SUPD_CMP=Y
2018-05-15 14:20:50 -  - exec CUpdateClientPartner::GetHTTPPage
2018-05-15 14:20:51 -  - TIME GetUpdatesList(request) 0.321 sec
2018-05-15 14:20:51 -  - exec CUpdateClientPartner::ParseServerData
2018-05-15 14:20:51 -  - exec CUpdateClientPartner::GetUpdatesList
2018-05-15 14:20:51 -  - exec CUpdateClientPartner::__CollectRequestData
2018-05-15 14:20:51 -  - utf=Y&lang=ru&stable=Y&CANGZIP=Y&SUPD_DBS=MYSQL&XE=N&CLIENT_SITE=192.168.0.91&LICENSE_KEY=X&SUPD_STS=2&SUPD_URS=0&SUPD_URSA=1&TYPENC=D&CLIENT_PHPVER=7.0.26&NGINX=Y&dbv=5.7.19&instm=main%2C17.5.13%2CY%3Bbitrix.sitecorporate%2C15.5.0%2CN%3Bb24connector%2C17.5.0%2CN%3Bfileman%2C17.5.10%2CN%3Bcompression%2C16.0.0%2CN%3Bsocialservices%2C17.5.4%2CN%3Bperfmon%2C17.0.1%2CN%3Bseo%2C17.5.3%2CN%3Bhighloadblock%2C17.5.0%2CN%3Bclouds%2C17.0.2%2CN%3Biblock%2C17.5.5%2CN%3Bsearch%2C17.5.0%2CN%3Btranslate%2C16.0.0%2CN%3Bbitrix.eshop%2C17.0.1%2CN%3Bnsandrey.emptyinstall%2C1.0.2%2CN%3Bui%2C17.5.5%2CN%3Bbitrixcloud%2C17.5.0%2CN&reqm=bitrix.sitecorporate%2Cbitrix.eshop%2Cnsandrey.emptyinstall&fullmoduleinfo=Y&SUPD_SRS=RU&SUPD_CMP=Y
2018-05-15 14:20:51 -  - exec CUpdateClientPartner::GetHTTPPage
2018-05-15 14:20:51 -  - TIME GetUpdatesList(request) 0.305 sec
2018-05-15 14:20:51 -  - exec CUpdateClientPartner::ParseServerData
2018-05-15 14:20:54 -  - exec CUpdateClientPartner::GetUpdatesList
2018-05-15 14:20:54 -  - exec CUpdateClientPartner::__CollectRequestData
2018-05-15 14:20:54 -  - utf=Y&lang=ru&stable=Y&CANGZIP=Y&SUPD_DBS=MYSQL&XE=N&CLIENT_SITE=192.168.0.91&LICENSE_KEY=X&SUPD_STS=2&SUPD_URS=0&SUPD_URSA=1&TYPENC=D&CLIENT_PHPVER=7.0.26&NGINX=Y&dbv=5.7.19&instm=main%2C17.5.13%2CY%3Bbitrix.sitecorporate%2C15.5.0%2CN%3Bb24connector%2C17.5.0%2CN%3Bfileman%2C17.5.10%2CN%3Bcompression%2C16.0.0%2CN%3Bsocialservices%2C17.5.4%2CN%3Bperfmon%2C17.0.1%2CN%3Bseo%2C17.5.3%2CN%3Bhighloadblock%2C17.5.0%2CN%3Bclouds%2C17.0.2%2CN%3Biblock%2C17.5.5%2CN%3Bsearch%2C17.5.0%2CN%3Btranslate%2C16.0.0%2CN%3Bbitrix.eshop%2C17.0.1%2CN%3Bnsandrey.emptyinstall%2C1.0.2%2CN%3Bui%2C17.5.5%2CN%3Bbitrixcloud%2C17.5.0%2CN&reqm=bitrix.sitecorporate%2Cbitrix.eshop%2Cnsandrey.emptyinstall&fullmoduleinfo=Y&SUPD_SRS=RU&SUPD_CMP=Y
2018-05-15 14:20:54 -  - exec CUpdateClientPartner::GetHTTPPage
2018-05-15 14:20:55 -  - TIME GetUpdatesList(request) 0.317 sec
2018-05-15 14:20:55 -  - exec CUpdateClientPartner::ParseServerData
2018-05-15 14:20:55 -  - exec CUpdateClientPartner::GetUpdatesList
2018-05-15 14:20:55 -  - exec CUpdateClientPartner::__CollectRequestData
2018-05-15 14:20:55 -  - utf=Y&lang=ru&stable=Y&CANGZIP=Y&SUPD_DBS=MYSQL&XE=N&CLIENT_SITE=192.168.0.91&LICENSE_KEY=X&SUPD_STS=2&SUPD_URS=0&SUPD_URSA=1&TYPENC=D&CLIENT_PHPVER=7.0.26&NGINX=Y&dbv=5.7.19&instm=main%2C17.5.13%2CY%3Bbitrix.sitecorporate%2C15.5.0%2CN%3Bb24connector%2C17.5.0%2CN%3Bfileman%2C17.5.10%2CN%3Bcompression%2C16.0.0%2CN%3Bsocialservices%2C17.5.4%2CN%3Bperfmon%2C17.0.1%2CN%3Bseo%2C17.5.3%2CN%3Bhighloadblock%2C17.5.0%2CN%3Bclouds%2C17.0.2%2CN%3Biblock%2C17.5.5%2CN%3Bsearch%2C17.5.0%2CN%3Btranslate%2C16.0.0%2CN%3Bbitrix.eshop%2C17.0.1%2CN%3Bnsandrey.emptyinstall%2C1.0.2%2CN%3Bui%2C17.5.5%2CN%3Bbitrixcloud%2C17.5.0%2CN&reqm=bitrix.sitecorporate%2Cbitrix.eshop%2Cnsandrey.emptyinstall&fullmoduleinfo=Y&SUPD_SRS=RU&SUPD_CMP=Y
2018-05-15 14:20:55 -  - exec CUpdateClientPartner::GetHTTPPage
2018-05-15 14:20:55 -  - TIME GetUpdatesList(request) 0.304 sec
2018-05-15 14:20:55 -  - exec CUpdateClientPartner::ParseServerData
2018-05-15 14:40:58 -  - exec CUpdateClientPartner::GetUpdatesList
2018-05-15 14:40:58 -  - exec CUpdateClientPartner::__CollectRequestData
2018-05-15 14:40:58 -  - utf=Y&lang=ru&stable=Y&CANGZIP=Y&SUPD_DBS=MYSQL&XE=N&CLIENT_SITE=192.168.0.91&LICENSE_KEY=X&SUPD_STS=2&SUPD_URS=0&SUPD_URSA=1&TYPENC=D&CLIENT_PHPVER=7.0.26&NGINX=Y&dbv=5.7.19&instm=main%2C17.5.13%2CY%3Bbitrix.sitecorporate%2C15.5.0%2CN%3Bb24connector%2C17.5.0%2CN%3Bfileman%2C17.5.10%2CN%3Bcompression%2C16.0.0%2CN%3Bsocialservices%2C17.5.4%2CN%3Bperfmon%2C17.0.1%2CN%3Bseo%2C17.5.3%2CN%3Bhighloadblock%2C17.5.0%2CN%3Bclouds%2C17.0.2%2CN%3Biblock%2C17.5.5%2CN%3Bsearch%2C17.5.0%2CN%3Btranslate%2C16.0.0%2CN%3Bbitrix.eshop%2C17.0.1%2CN%3Bnsandrey.emptyinstall%2C1.0.2%2CN%3Bui%2C17.5.5%2CN%3Bbitrixcloud%2C17.5.0%2CN&reqm=bitrix.sitecorporate%2Cbitrix.eshop%2Cnsandrey.emptyinstall&fullmoduleinfo=Y&SUPD_SRS=RU&SUPD_CMP=Y
2018-05-15 14:40:58 -  - exec CUpdateClientPartner::GetHTTPPage
2018-05-15 14:40:59 -  - TIME GetUpdatesList(request) 0.313 sec
2018-05-15 14:40:59 -  - exec CUpdateClientPartner::ParseServerData
2018-05-15 14:41:31 -  - exec CUpdateClientPartner::GetUpdatesList
2018-05-15 14:41:31 -  - exec CUpdateClientPartner::__CollectRequestData
2018-05-15 14:41:31 -  - utf=Y&lang=ru&stable=Y&CANGZIP=Y&SUPD_DBS=MYSQL&XE=N&CLIENT_SITE=192.168.0.91&LICENSE_KEY=X&SUPD_STS=2&SUPD_URS=0&SUPD_URSA=1&TYPENC=D&CLIENT_PHPVER=7.0.26&NGINX=Y&dbv=5.7.19&instm=main%2C17.5.13%2CY%3Bbitrix.sitecorporate%2C15.5.0%2CN%3Bb24connector%2C17.5.0%2CN%3Bfileman%2C17.5.10%2CN%3Bcompression%2C16.0.0%2CN%3Bsocialservices%2C17.5.4%2CN%3Bperfmon%2C17.0.1%2CN%3Bseo%2C17.5.3%2CN%3Bhighloadblock%2C17.5.0%2CN%3Bclouds%2C17.0.2%2CN%3Biblock%2C17.5.5%2CN%3Bsearch%2C17.5.0%2CN%3Btranslate%2C16.0.0%2CN%3Bbitrix.eshop%2C17.0.1%2CN%3Bnsandrey.emptyinstall%2C1.0.2%2CN%3Bui%2C17.5.5%2CN%3Bbitrixcloud%2C17.5.0%2CN&reqm=bitrix.sitecorporate%2Cbitrix.eshop%2Cnsandrey.emptyinstall&fullmoduleinfo=Y&SUPD_SRS=RU&SUPD_CMP=Y
2018-05-15 14:41:31 -  - exec CUpdateClientPartner::GetHTTPPage
2018-05-15 14:41:31 -  - TIME GetUpdatesList(request) 0.301 sec
2018-05-15 14:41:31 -  - exec CUpdateClientPartner::ParseServerData
2018-05-15 15:53:20 -  - exec CUpdateClientPartner::GetUpdatesList
2018-05-15 15:53:20 -  - exec CUpdateClientPartner::__CollectRequestData
2018-05-15 15:53:20 -  - utf=Y&lang=ru&stable=Y&CANGZIP=Y&SUPD_DBS=MYSQL&XE=N&CLIENT_SITE=192.168.0.91&LICENSE_KEY=X&SUPD_STS=2&SUPD_URS=0&SUPD_URSA=1&TYPENC=D&CLIENT_PHPVER=7.0.26&NGINX=Y&dbv=5.7.19&instm=main%2C17.5.13%2CY%3Bbitrix.sitecorporate%2C15.5.0%2CN%3Bb24connector%2C17.5.0%2CN%3Bfileman%2C17.5.10%2CN%3Bcompression%2C16.0.0%2CN%3Bsocialservices%2C17.5.4%2CN%3Bperfmon%2C17.0.1%2CN%3Bseo%2C17.5.3%2CN%3Bhighloadblock%2C17.5.0%2CN%3Bclouds%2C17.0.2%2CN%3Biblock%2C17.5.5%2CN%3Bsearch%2C17.5.0%2CN%3Btranslate%2C16.0.0%2CN%3Bbitrix.eshop%2C17.0.1%2CN%3Bnsandrey.emptyinstall%2C1.0.2%2CN%3Bui%2C17.5.5%2CN%3Bbitrixcloud%2C17.5.0%2CN&reqm=bitrix.sitecorporate%2Cbitrix.eshop%2Cnsandrey.emptyinstall&fullmoduleinfo=Y&SUPD_SRS=RU&SUPD_CMP=Y
2018-05-15 15:53:20 -  - exec CUpdateClientPartner::GetHTTPPage
2018-05-15 15:53:23 -  - TIME GetUpdatesList(request) 2.619 sec
2018-05-15 15:53:23 -  - exec CUpdateClientPartner::ParseServerData
